<?xml version="1.0" encoding="UTF-8"?>
<testng-results ignored="0" total="1" passed="1" failed="0" skipped="0">
  <reporter-output>
  </reporter-output>
  <suite started-at="2024-12-05T16:18:51Z" name="Suite" finished-at="2024-12-05T16:18:56Z" duration-ms="4941">
    <groups>
    </groups>
    <test started-at="2024-12-05T16:18:51Z" name="Test" finished-at="2024-12-05T16:18:56Z" duration-ms="4941">
      <class name="assesment.TestngMavenAssesment">
        <test-method is-config="true" signature="launchBrowser()[pri:0, instance:assesment.TestngMavenAssesment@17d88132]" started-at="2024-12-05T21:48:51Z" name="launchBrowser" finished-at="2024-12-05T21:48:56Z" duration-ms="4545" status="PASS">
          <reporter-output>
          </reporter-output>
        </test-method> <!-- launchBrowser -->
        <test-method signature="postalRedirection()[pri:0, instance:assesment.TestngMavenAssesment@17d88132]" started-at="2024-12-05T21:48:56Z" name="postalRedirection" finished-at="2024-12-05T21:48:56Z" duration-ms="17" status="PASS">
          <reporter-output>
          </reporter-output>
        </test-method> <!-- postalRedirection -->
        <test-method is-config="true" signature="quitDriver()[pri:0, instance:assesment.TestngMavenAssesment@17d88132]" started-at="2024-12-05T21:48:56Z" name="quitDriver" finished-at="2024-12-05T21:48:56Z" duration-ms="354" status="PASS">
          <reporter-output>
          </reporter-output>
        </test-method> <!-- quitDriver -->
      </class> <!-- assesment.TestngMavenAssesment -->
    </test> <!-- Test -->
  </suite> <!-- Suite -->
</testng-results>
